<?xml version="1.0" encoding="UTF-8"?>
<testng-results ignored="0" total="1" passed="0" failed="1" skipped="0">
  <reporter-output>
  </reporter-output>
  <suite started-at="2022-07-28T10:35:41Z" name="Practice Automation" finished-at="2022-07-28T10:36:40Z" duration-ms="58704">
    <groups>
      <group name="cucumber">
        <method signature="AbstractTestNGCucumberTests.runScenario(io.cucumber.testng.PickleWrapper, io.cucumber.testng.FeatureWrapper)[pri:0, instance:UATPages.Runner@28f2a10f]" name="runScenario" class="io.cucumber.testng.AbstractTestNGCucumberTests"/>
      </group> <!-- cucumber -->
    </groups>
    <test started-at="2022-07-28T10:35:41Z" name="Test Chrome Automation" finished-at="2022-07-28T10:36:40Z" duration-ms="58704">
      <class name="UATPages.Runner">
        <test-method is-config="true" signature="defineBrowser(java.lang.String)[pri:0, instance:UATPages.Runner@28f2a10f]" started-at="2022-07-28T16:05:41Z" name="defineBrowser" finished-at="2022-07-28T16:05:41Z" duration-ms="16" status="PASS">
          <params>
            <param index="0">
              <value>
                <![CDATA[chrome]]>
              </value>
            </param>
          </params>
          <reporter-output>
          </reporter-output>
        </test-method> <!-- defineBrowser -->
        <test-method is-config="true" signature="setUpClass()[pri:0, instance:UATPages.Runner@28f2a10f]" started-at="2022-07-28T16:05:41Z" name="setUpClass" finished-at="2022-07-28T16:05:43Z" duration-ms="1872" status="PASS">
          <reporter-output>
          </reporter-output>
        </test-method> <!-- setUpClass -->
        <test-method signature="runScenario(io.cucumber.testng.PickleWrapper, io.cucumber.testng.FeatureWrapper)[pri:0, instance:UATPages.Runner@28f2a10f]" started-at="2022-07-28T16:05:43Z" name="runScenario" description="Runs Cucumber Scenarios" data-provider="scenarios" finished-at="2022-07-28T16:06:13Z" duration-ms="29220" status="FAIL">
          <params>
            <param index="0">
              <value>
                <![CDATA["Get the adds coming on the of screen"]]>
              </value>
            </param>
            <param index="1">
              <value>
                <![CDATA["Optional[Get all adds coming on the top of screen]"]]>
              </value>
            </param>
          </params>
          <exception class="org.openqa.selenium.StaleElementReferenceException">
            <message>
              <![CDATA[stale element reference: element is not attached to the page document
  (Session info: chrome=103.0.5060.134)
For documentation on this error, please visit: https://selenium.dev/exceptions/#stale_element_reference
Build info: version: '4.1.1', revision: 'e8fcc2cecf'
System info: host: 'DESKTOP-MQJN69E', ip: '192.168.0.104', os.name: 'Windows 10', os.arch: 'amd64', os.version: '10.0', java.version: '17.0.1'
Driver info: org.openqa.selenium.chrome.ChromeDriver
Command: [aa95fa4508362a7e6e3e098ef5d3d6f7, elementScreenshot {id=1fb44be6-bd78-4e63-90d4-54be1fd96d81}]
Capabilities {acceptInsecureCerts: false, browserName: chrome, browserVersion: 103.0.5060.134, chrome: {chromedriverVersion: 103.0.5060.134 (8ec6fce403b..., userDataDir: C:\Users\admin\AppData\Loca...}, goog:chromeOptions: {debuggerAddress: localhost:60203}, javascriptEnabled: true, networkConnectionEnabled: false, pageLoadStrategy: normal, platform: WINDOWS, platformName: WINDOWS, proxy: Proxy(), se:cdp: ws://localhost:60203/devtoo..., se:cdpVersion: 103.0.5060.134, setWindowRect: true, strictFileInteractability: false, timeouts: {implicit: 0, pageLoad: 300000, script: 30000}, unhandledPromptBehavior: dismiss and notify, webauthn:extension:credBlob: true, webauthn:extension:largeBlob: true, webauthn:virtualAuthenticators: true}
Element: [[ChromeDriver: chrome on WINDOWS (aa95fa4508362a7e6e3e098ef5d3d6f7)] -> xpath: //*[@alt='/sports-and-outdoors/exercise-and-fitness/yoga-16328?sort[by]=popularity&sort[dir]=desc']]
Session ID: aa95fa4508362a7e6e3e098ef5d3d6f7]]>
            </message>
            <full-stacktrace>
              <![CDATA[org.openqa.selenium.StaleElementReferenceException: stale element reference: element is not attached to the page document
  (Session info: chrome=103.0.5060.134)
For documentation on this error, please visit: https://selenium.dev/exceptions/#stale_element_reference
Build info: version: '4.1.1', revision: 'e8fcc2cecf'
System info: host: 'DESKTOP-MQJN69E', ip: '192.168.0.104', os.name: 'Windows 10', os.arch: 'amd64', os.version: '10.0', java.version: '17.0.1'
Driver info: org.openqa.selenium.chrome.ChromeDriver
Command: [aa95fa4508362a7e6e3e098ef5d3d6f7, elementScreenshot {id=1fb44be6-bd78-4e63-90d4-54be1fd96d81}]
Capabilities {acceptInsecureCerts: false, browserName: chrome, browserVersion: 103.0.5060.134, chrome: {chromedriverVersion: 103.0.5060.134 (8ec6fce403b..., userDataDir: C:\Users\admin\AppData\Loca...}, goog:chromeOptions: {debuggerAddress: localhost:60203}, javascriptEnabled: true, networkConnectionEnabled: false, pageLoadStrategy: normal, platform: WINDOWS, platformName: WINDOWS, proxy: Proxy(), se:cdp: ws://localhost:60203/devtoo..., se:cdpVersion: 103.0.5060.134, setWindowRect: true, strictFileInteractability: false, timeouts: {implicit: 0, pageLoad: 300000, script: 30000}, unhandledPromptBehavior: dismiss and notify, webauthn:extension:credBlob: true, webauthn:extension:largeBlob: true, webauthn:virtualAuthenticators: true}
Element: [[ChromeDriver: chrome on WINDOWS (aa95fa4508362a7e6e3e098ef5d3d6f7)] -> xpath: //*[@alt='/sports-and-outdoors/exercise-and-fitness/yoga-16328?sort[by]=popularity&sort[dir]=desc']]
Session ID: aa95fa4508362a7e6e3e098ef5d3d6f7
	at java.base/jdk.internal.reflect.NativeConstructorAccessorImpl.newInstance0(Native Method)
	at java.base/jdk.internal.reflect.NativeConstructorAccessorImpl.newInstance(NativeConstructorAccessorImpl.java:77)
	at java.base/jdk.internal.reflect.DelegatingConstructorAccessorImpl.newInstance(DelegatingConstructorAccessorImpl.java:45)
	at java.base/java.lang.reflect.Constructor.newInstanceWithCaller(Constructor.java:499)
	at java.base/java.lang.reflect.Constructor.newInstance(Constructor.java:480)
	at org.openqa.selenium.remote.codec.w3c.W3CHttpResponseCodec.createException(W3CHttpResponseCodec.java:200)
	at org.openqa.selenium.remote.codec.w3c.W3CHttpResponseCodec.decode(W3CHttpResponseCodec.java:133)
	at org.openqa.selenium.remote.codec.w3c.W3CHttpResponseCodec.decode(W3CHttpResponseCodec.java:53)
	at org.openqa.selenium.remote.HttpCommandExecutor.execute(HttpCommandExecutor.java:184)
	at org.openqa.selenium.remote.service.DriverCommandExecutor.invokeExecute(DriverCommandExecutor.java:167)
	at org.openqa.selenium.remote.service.DriverCommandExecutor.execute(DriverCommandExecutor.java:142)
	at org.openqa.selenium.remote.RemoteWebDriver.execute(RemoteWebDriver.java:543)
	at org.openqa.selenium.remote.RemoteWebElement.execute(RemoteWebElement.java:251)
	at org.openqa.selenium.remote.RemoteWebElement.getScreenshotAs(RemoteWebElement.java:385)
	at Selenium4.Stream@1.0-SNAPSHOT/UATPages.AUTHomePage.getAllAddsComingOnTopOfScreen(AUTHomePage.java:101)
	at Selenium4.Stream@1.0-SNAPSHOT/Actions.ActionsHomePage.getAllAddsComingOnTopOfScreen(ActionsHomePage.java:48)
	at Selenium4.Stream@1.0-SNAPSHOT/StepDefinitions.HomePage.userGetAllTheAddsComingOnTopOfScreen(HomePage.java:142)
	at ✽.User get all the adds coming on top of screen(file:///C:/Users/admin/IdeaProjects/Selenium4_Stream/src/test/resources/features/get_adds_coming_on_top.feature:7)
]]>
            </full-stacktrace>
          </exception> <!-- org.openqa.selenium.StaleElementReferenceException -->
          <reporter-output>
          </reporter-output>
        </test-method> <!-- runScenario -->
        <test-method is-config="true" signature="tearDownClass()[pri:0, instance:UATPages.Runner@28f2a10f]" started-at="2022-07-28T16:06:13Z" name="tearDownClass" finished-at="2022-07-28T16:06:40Z" duration-ms="27551" status="PASS">
          <reporter-output>
          </reporter-output>
        </test-method> <!-- tearDownClass -->
      </class> <!-- UATPages.Runner -->
    </test> <!-- Test Chrome Automation -->
  </suite> <!-- Practice Automation -->
</testng-results>
