<?xml version="1.0" encoding="UTF-8"?>
<testsuite xmlns:xsi="http://www.w3.org/2001/XMLSchema-instance" xsi:noNamespaceSchemaLocation="https://maven.apache.org/surefire/maven-failsafe-plugin/xsd/failsafe-test-report-3.0.xsd" version="3.0" name="TestSuite" time="65.231" tests="1" errors="0" skipped="0" failures="0">
  <properties>
[...]
</properties>
  <testcase name="runScenario[&quot;Get the adds coming on the of screen&quot;, &quot;Optional[Get all adds coming on the top of screen]&quot;](1)" classname="UATPages.Runner" time="43.866">
    <system-out><![CDATA[Browser in runner class ====================  chrome

Scenario: Get the adds coming on the of screen       &amp#27;[90m# src/test/resources/features/get_adds_coming_on_top.feature:4&amp#27;[0m
Browser in initialization  ===== +

    Embedding beforeStepSS [image/png 819962 bytes]

  &amp#27;[32mGiven &amp#27;[0m&amp#27;[32mUser is on homepage to validate &amp#27;[0m&amp#27;[32m&amp#27;[1m"<Scenario>"&amp#27;[0m &amp#27;[90m# StepDefinitions.HomePage.userIsOnHomepageToValidate(java.lang.String)&amp#27;[0m

    Embedding afterStepSS [image/png 869981 bytes]


    Embedding beforeStepSS [image/png 1009355 bytes]

  &amp#27;[32mThen &amp#27;[0m&amp#27;[32mUser get all the adds coming on top of screen&amp#27;[0m &amp#27;[90m# StepDefinitions.HomePage.userGetAllTheAddsComingOnTopOfScreen()&amp#27;[0m

    Embedding afterStepSS [image/png 999143 bytes]

]]></system-out>
    <system-err><![CDATA[SLF4J: Failed to load class "org.slf4j.impl.StaticLoggerBinder".
SLF4J: Defaulting to no-operation (NOP) logger implementation
SLF4J: See http://www.slf4j.org/codes.html#StaticLoggerBinder for further details.
Starting ChromeDriver 103.0.5060.134 (8ec6fce403b3feb0869b0732eda8bd95011d333c-refs/branch-heads/5060@{#1262}) on port 57704
Only local connections are allowed.
Please see https://chromedriver.chromium.org/security-considerations for suggestions on keeping ChromeDriver safe.
ChromeDriver was started successfully.
Jul 28, 2022 5:07:05 PM org.openqa.selenium.remote.ProtocolHandshake createSession
INFO: Detected dialect: W3C
Jul 28, 2022 5:07:08 PM org.openqa.selenium.devtools.CdpVersionFinder findNearestMatch
WARNING: Unable to find an exact match for CDP version 103, so returning the closest version found: a no-op implementation
Jul 28, 2022 5:07:08 PM org.openqa.selenium.devtools.CdpVersionFinder findNearestMatch
INFO: Unable to find CDP implementation matching 103.
Jul 28, 2022 5:07:08 PM org.openqa.selenium.chromium.ChromiumDriver lambda$new$3
WARNING: Unable to find version of CDP to use for . You may need to include a dependency on a specific version of the CDP using something similar to `org.seleniumhq.selenium:selenium-devtools-v86:4.1.1` where the version ("v86") matches the version of the chromium-based browser you're using and the version number of the artifact is the same as Selenium's.
]]></system-err>
  </testcase>
</testsuite>